2025-11-13 06:51:31,487 - WARNING - \u26a0\ufe0f Token RENIEC en texto plano - considera cifrarlo por seguridad
2025-11-13 06:52:58,961 - WARNING - \u26a0\ufe0f Token RENIEC en texto plano - considera cifrarlo por seguridad
2025-11-13 06:53:00,891 - WARNING - \u26a0\ufe0f Token RENIEC en texto plano - considera cifrarlo por seguridad
2025-11-13 06:53:35,702 - WARNING - \u26a0\ufe0f Token RENIEC en texto plano - considera cifrarlo por seguridad
2025-11-13 06:53:35,815 - WARNING - \u26a0\ufe0f Token RENIEC en texto plano - considera cifrarlo por seguridad
2025-11-13 06:53:39,334 - WARNING - \u26a0\ufe0f Token RENIEC en texto plano - considera cifrarlo por seguridad
2025-11-13 06:53:50,760 - WARNING - \u26a0\ufe0f Token RENIEC en texto plano - considera cifrarlo por seguridad
2025-11-13 06:53:51,060 - WARNING - \u26a0\ufe0f Token RENIEC en texto plano - considera cifrarlo por seguridad
2025-11-13 06:53:54,076 - WARNING - \u26a0\ufe0f Token RENIEC en texto plano - considera cifrarlo por seguridad
2025-11-13 06:55:27,249 - WARNING - \u26a0\ufe0f Token RENIEC en texto plano - considera cifrarlo por seguridad
2025-11-13 06:55:29,142 - WARNING - \u26a0\ufe0f Token RENIEC en texto plano - considera cifrarlo por seguridad
2025-11-13 06:55:38,876 - WARNING - \u26a0\ufe0f Token RENIEC en texto plano - considera cifrarlo por seguridad
2025-11-13 06:55:39,167 - WARNING - \u26a0\ufe0f Token RENIEC en texto plano - considera cifrarlo por seguridad
2025-11-13 06:55:42,298 - WARNING - \u26a0\ufe0f Token RENIEC en texto plano - considera cifrarlo por seguridad
2025-11-13 06:59:38,045 - WARNING - \u26a0\ufe0f Token RENIEC en texto plano - considera cifrarlo por seguridad
2025-11-13 06:59:39,895 - WARNING - \u26a0\ufe0f Token RENIEC en texto plano - considera cifrarlo por seguridad
2025-11-13 06:59:44,061 - WARNING - \u26a0\ufe0f Token RENIEC en texto plano - considera cifrarlo por seguridad
2025-11-13 06:59:44,366 - WARNING - \u26a0\ufe0f Token RENIEC en texto plano - considera cifrarlo por seguridad
2025-11-13 06:59:45,523 - WARNING - \u26a0\ufe0f Token RENIEC en texto plano - considera cifrarlo por seguridad
2025-11-13 07:00:14,226 - WARNING - \u26a0\ufe0f Token RENIEC en texto plano - considera cifrarlo por seguridad
2025-11-13 07:00:14,506 - WARNING - \u26a0\ufe0f Token RENIEC en texto plano - considera cifrarlo por seguridad
2025-11-13 07:00:17,569 - WARNING - \u26a0\ufe0f Token RENIEC en texto plano - considera cifrarlo por seguridad
2025-11-13 07:00:28,615 - WARNING - \u26a0\ufe0f Token RENIEC en texto plano - considera cifrarlo por seguridad
2025-11-13 07:00:37,400 - WARNING - \u26a0\ufe0f Token RENIEC en texto plano - considera cifrarlo por seguridad
2025-11-13 07:00:40,702 - WARNING - \u26a0\ufe0f Token RENIEC en texto plano - considera cifrarlo por seguridad
2025-11-13 07:00:44,737 - WARNING - \u26a0\ufe0f Token RENIEC en texto plano - considera cifrarlo por seguridad
2025-11-13 07:00:48,691 - WARNING - \u26a0\ufe0f Token RENIEC en texto plano - considera cifrarlo por seguridad
2025-11-13 07:00:57,974 - WARNING - \u26a0\ufe0f Token RENIEC en texto plano - considera cifrarlo por seguridad
2025-11-13 07:00:59,305 - WARNING - \u26a0\ufe0f Token RENIEC en texto plano - considera cifrarlo por seguridad
2025-11-13 07:01:08,965 - WARNING - \u26a0\ufe0f Token RENIEC en texto plano - considera cifrarlo por seguridad
2025-11-13 07:01:13,549 - WARNING - \u26a0\ufe0f Token RENIEC en texto plano - considera cifrarlo por seguridad
2025-11-13 07:01:23,321 - WARNING - \u26a0\ufe0f Token RENIEC en texto plano - considera cifrarlo por seguridad
2025-11-13 07:01:40,638 - WARNING - \u26a0\ufe0f Token RENIEC en texto plano - considera cifrarlo por seguridad
2025-11-13 07:01:41,572 - WARNING - \u26a0\ufe0f Token RENIEC en texto plano - considera cifrarlo por seguridad
2025-11-13 07:01:45,374 - WARNING - \u26a0\ufe0f Token RENIEC en texto plano - considera cifrarlo por seguridad
2025-11-13 07:01:47,354 - WARNING - \u26a0\ufe0f Token RENIEC en texto plano - considera cifrarlo por seguridad
2025-11-13 07:01:50,960 - WARNING - \u26a0\ufe0f Token RENIEC en texto plano - considera cifrarlo por seguridad
2025-11-13 07:01:59,654 - WARNING - \u26a0\ufe0f Token RENIEC en texto plano - considera cifrarlo por seguridad
2025-11-13 07:02:01,660 - WARNING - \u26a0\ufe0f Token RENIEC en texto plano - considera cifrarlo por seguridad
2025-11-13 07:02:03,833 - WARNING - \u26a0\ufe0f Token RENIEC en texto plano - considera cifrarlo por seguridad
2025-11-13 07:02:14,948 - WARNING - \u26a0\ufe0f Token RENIEC en texto plano - considera cifrarlo por seguridad
2025-11-13 07:02:21,082 - WARNING - \u26a0\ufe0f Token RENIEC en texto plano - considera cifrarlo por seguridad
2025-11-13 07:02:23,030 - WARNING - \u26a0\ufe0f Token RENIEC en texto plano - considera cifrarlo por seguridad
2025-11-13 07:02:35,723 - WARNING - \u26a0\ufe0f Token RENIEC en texto plano - considera cifrarlo por seguridad
2025-11-13 07:02:35,825 - WARNING - \u26a0\ufe0f Token RENIEC en texto plano - considera cifrarlo por seguridad
2025-11-13 07:02:36,157 - WARNING - \u26a0\ufe0f Token RENIEC en texto plano - considera cifrarlo por seguridad
2025-11-13 07:02:37,317 - WARNING - \u26a0\ufe0f Token RENIEC en texto plano - considera cifrarlo por seguridad
2025-11-13 07:02:37,538 - INFO - \u2705 Correlativo generado: 0008-NSC-2025
2025-11-13 07:02:38,951 - WARNING - \u26a0\ufe0f Token RENIEC en texto plano - considera cifrarlo por seguridad
2025-11-13 07:04:31,634 - WARNING - \u26a0\ufe0f Token RENIEC en texto plano - considera cifrarlo por seguridad
2025-11-13 07:04:31,888 - WARNING - \u26a0\ufe0f Token RENIEC en texto plano - considera cifrarlo por seguridad
2025-11-13 07:17:34,172 - WARNING - \u26a0\ufe0f Token RENIEC en texto plano - considera cifrarlo por seguridad
2025-11-13 07:17:36,039 - WARNING - \u26a0\ufe0f Token RENIEC en texto plano - considera cifrarlo por seguridad
2025-11-13 07:17:49,176 - WARNING - \u26a0\ufe0f Token RENIEC en texto plano - considera cifrarlo por seguridad
2025-11-13 07:17:49,471 - WARNING - \u26a0\ufe0f Token RENIEC en texto plano - considera cifrarlo por seguridad
2025-11-13 07:17:52,923 - WARNING - \u26a0\ufe0f Token RENIEC en texto plano - considera cifrarlo por seguridad
2025-11-13 07:18:02,218 - WARNING - \u26a0\ufe0f Token RENIEC en texto plano - considera cifrarlo por seguridad
2025-11-13 07:18:05,201 - WARNING - \u26a0\ufe0f Token RENIEC en texto plano - considera cifrarlo por seguridad
2025-11-13 07:18:08,014 - WARNING - \u26a0\ufe0f Token RENIEC en texto plano - considera cifrarlo por seguridad
2025-11-13 07:18:16,762 - WARNING - \u26a0\ufe0f Token RENIEC en texto plano - considera cifrarlo por seguridad
2025-11-13 07:18:28,454 - WARNING - \u26a0\ufe0f Token RENIEC en texto plano - considera cifrarlo por seguridad
2025-11-13 07:18:28,715 - WARNING - \u26a0\ufe0f Token RENIEC en texto plano - considera cifrarlo por seguridad
2025-11-13 07:18:34,671 - WARNING - \u26a0\ufe0f Token RENIEC en texto plano - considera cifrarlo por seguridad
2025-11-13 07:18:34,952 - WARNING - \u26a0\ufe0f Token RENIEC en texto plano - considera cifrarlo por seguridad
2025-11-13 07:18:35,235 - WARNING - \u26a0\ufe0f Token RENIEC en texto plano - considera cifrarlo por seguridad
2025-11-13 07:18:44,785 - WARNING - \u26a0\ufe0f Token RENIEC en texto plano - considera cifrarlo por seguridad
2025-11-13 07:18:47,111 - WARNING - \u26a0\ufe0f Token RENIEC en texto plano - considera cifrarlo por seguridad
2025-11-13 07:18:54,364 - WARNING - \u26a0\ufe0f Token RENIEC en texto plano - considera cifrarlo por seguridad
2025-11-13 07:18:55,270 - WARNING - \u26a0\ufe0f Token RENIEC en texto plano - considera cifrarlo por seguridad
2025-11-13 07:18:56,754 - WARNING - \u26a0\ufe0f Token RENIEC en texto plano - considera cifrarlo por seguridad
2025-11-13 07:19:07,812 - WARNING - \u26a0\ufe0f Token RENIEC en texto plano - considera cifrarlo por seguridad
2025-11-13 07:19:08,105 - WARNING - \u26a0\ufe0f Token RENIEC en texto plano - considera cifrarlo por seguridad
2025-11-13 07:19:26,071 - WARNING - \u26a0\ufe0f Token RENIEC en texto plano - considera cifrarlo por seguridad
2025-11-13 07:19:26,368 - WARNING - \u26a0\ufe0f Token RENIEC en texto plano - considera cifrarlo por seguridad
2025-11-13 07:19:26,563 - INFO - \u2705 Correlativo generado: 0009-NSC-2025
2025-11-13 07:19:26,738 - INFO - \u2705 Archivo guardado: Permiso_0009_NSC-2025.docx (32.9 KB)
2025-11-13 07:19:26,738 - INFO - \U0001f4ca Espacio disponible en disco: 11365.6 MB
2025-11-13 07:19:27,738 - WARNING - \u26a0\ufe0f Token RENIEC en texto plano - considera cifrarlo por seguridad
2025-11-13 07:31:50,641 - WARNING - \u26a0\ufe0f Token RENIEC en texto plano - considera cifrarlo por seguridad
2025-11-13 07:31:50,874 - WARNING - \u26a0\ufe0f Token RENIEC en texto plano - considera cifrarlo por seguridad
2025-11-13 07:31:51,892 - WARNING - \u26a0\ufe0f Token RENIEC en texto plano - considera cifrarlo por seguridad
2025-11-13 07:31:52,153 - WARNING - \u26a0\ufe0f Token RENIEC en texto plano - considera cifrarlo por seguridad
2025-11-13 07:31:53,346 - WARNING - \u26a0\ufe0f Token RENIEC en texto plano - considera cifrarlo por seguridad
2025-11-13 07:31:53,573 - WARNING - \u26a0\ufe0f Token RENIEC en texto plano - considera cifrarlo por seguridad
2025-11-13 07:32:04,586 - WARNING - \u26a0\ufe0f Token RENIEC en texto plano - considera cifrarlo por seguridad
2025-11-13 07:32:06,346 - WARNING - \u26a0\ufe0f Token RENIEC en texto plano - considera cifrarlo por seguridad
2025-11-13 07:32:07,066 - WARNING - \u26a0\ufe0f Token RENIEC en texto plano - considera cifrarlo por seguridad
2025-11-13 07:32:07,674 - WARNING - \u26a0\ufe0f Token RENIEC en texto plano - considera cifrarlo por seguridad
2025-11-13 15:02:48,773 - INFO - \u2705 Token RENIEC cargado correctamente (cifrado)
2025-11-13 15:02:50,850 - INFO - \u2705 Token RENIEC cargado correctamente (cifrado)
2025-11-13 15:03:02,713 - INFO - \u2705 Token RENIEC cargado correctamente (cifrado)
2025-11-13 15:03:02,886 - INFO - \u2705 Token RENIEC cargado correctamente (cifrado)
2025-11-13 15:03:05,402 - INFO - \u2705 Token RENIEC cargado correctamente (cifrado)
2025-11-13 18:13:03,687 - INFO - \u2705 Token RENIEC cargado correctamente (cifrado)
2025-11-13 18:13:05,452 - INFO - \u2705 Token RENIEC cargado correctamente (cifrado)
2025-11-13 18:13:13,235 - INFO - \u2705 Token RENIEC cargado correctamente (cifrado)
2025-11-13 18:13:13,385 - INFO - \u2705 Token RENIEC cargado correctamente (cifrado)
2025-11-13 18:13:19,231 - INFO - \u2705 Token RENIEC cargado correctamente (cifrado)
2025-11-13 18:13:19,379 - INFO - \u2705 Token RENIEC cargado correctamente (cifrado)
2025-11-13 18:13:29,184 - INFO - \u2705 Token RENIEC cargado correctamente (cifrado)
2025-11-13 18:13:33,051 - INFO - \u2705 Token RENIEC cargado correctamente (cifrado)
2025-11-13 18:13:41,444 - INFO - \u2705 Token RENIEC cargado correctamente (cifrado)
2025-11-13 18:13:41,608 - INFO - \u2705 Token RENIEC cargado correctamente (cifrado)
2025-11-13 18:13:48,944 - INFO - \u2705 Token RENIEC cargado correctamente (cifrado)
2025-11-13 18:13:49,129 - INFO - \u2705 Token RENIEC cargado correctamente (cifrado)
2025-11-13 18:13:51,760 - INFO - \u2705 Token RENIEC cargado correctamente (cifrado)
2025-11-13 18:14:00,485 - INFO - \u2705 Token RENIEC cargado correctamente (cifrado)
2025-11-13 18:14:00,660 - INFO - \u2705 Token RENIEC cargado correctamente (cifrado)
2025-11-13 18:14:00,828 - INFO - \u2705 Token RENIEC cargado correctamente (cifrado)
2025-11-13 18:14:06,297 - INFO - \u2705 Token RENIEC cargado correctamente (cifrado)
2025-11-13 18:14:12,380 - INFO - \u2705 Token RENIEC cargado correctamente (cifrado)
2025-11-13 18:14:13,997 - INFO - \u2705 Token RENIEC cargado correctamente (cifrado)
2025-11-13 18:14:16,472 - INFO - \u2705 Token RENIEC cargado correctamente (cifrado)
2025-11-13 18:14:17,188 - INFO - \u2705 Token RENIEC cargado correctamente (cifrado)
2025-11-13 18:14:19,321 - INFO - \u2705 Token RENIEC cargado correctamente (cifrado)
2025-11-13 18:14:20,647 - INFO - \u2705 Token RENIEC cargado correctamente (cifrado)
2025-11-13 18:14:22,703 - INFO - \u2705 Token RENIEC cargado correctamente (cifrado)
2025-11-13 18:14:22,874 - INFO - \u2705 Token RENIEC cargado correctamente (cifrado)
2025-11-13 18:14:23,653 - INFO - \u2705 Token RENIEC cargado correctamente (cifrado)
2025-11-13 18:14:23,781 - INFO - \u2705 Correlativo generado: 0010-NSC-2025
2025-11-13 18:14:23,999 - INFO - \u2705 Archivo guardado: Permiso_0010_NSC-2025.docx (32.6 KB)
2025-11-13 18:14:23,999 - INFO - \U0001f4ca Espacio disponible en disco: 20203.1 MB
2025-11-13 18:14:25,536 - INFO - \u2705 Token RENIEC cargado correctamente (cifrado)
2025-11-13 18:32:20,349 - INFO - \u2705 Token RENIEC cargado correctamente (cifrado)
2025-11-13 18:32:20,491 - INFO - \u2705 Token RENIEC cargado correctamente (cifrado)
2025-11-13 18:32:28,539 - INFO - \u2705 Token RENIEC cargado correctamente (cifrado)
2025-11-13 18:32:28,684 - INFO - \u2705 Token RENIEC cargado correctamente (cifrado)
2025-11-13 18:32:35,616 - INFO - \u2705 Token RENIEC cargado correctamente (cifrado)
2025-11-13 18:32:35,746 - INFO - \u2705 Token RENIEC cargado correctamente (cifrado)
2025-11-13 18:32:47,418 - INFO - \u2705 Token RENIEC cargado correctamente (cifrado)
2025-11-13 18:32:47,583 - INFO - \u2705 Token RENIEC cargado correctamente (cifrado)
2025-11-13 18:33:08,321 - INFO - \u2705 Token RENIEC cargado correctamente (cifrado)
2025-11-13 18:33:08,476 - INFO - \u2705 Token RENIEC cargado correctamente (cifrado)
